<?xml version="1.0" encoding="UTF-8"?>
<testng-results skipped="0" failed="0" ignored="0" total="1" passed="1">
  <reporter-output>
  </reporter-output>
  <suite name="Suite1" duration-ms="75" started-at="2018-07-01T10:20:16Z" finished-at="2018-07-01T10:20:16Z">
    <groups>
    </groups>
    <test name="Test1" duration-ms="75" started-at="2018-07-01T10:20:16Z" finished-at="2018-07-01T10:20:16Z">
      <class name="com.qa.test.JenkinsTest">
        <test-method status="PASS" signature="Testcase()[pri:0, instance:com.qa.test.JenkinsTest@224edc67]" name="Testcase" duration-ms="21" started-at="2018-07-01T12:20:16Z" finished-at="2018-07-01T12:20:16Z">
          <reporter-output>
          </reporter-output>
        </test-method> <!-- Testcase -->
      </class> <!-- com.qa.test.JenkinsTest -->
    </test> <!-- Test1 -->
  </suite> <!-- Suite1 -->
</testng-results>
